[May 7, 2013, 3:16 am UTC +0000]saving json to box.json
[May 7, 2013, 3:26 am UTC +0000]saving json to box.json
[May 7, 2013, 3:29 am UTC +0000]saving json to box.json
[May 7, 2013, 6:13 am UTC +0000]saving json to box.json
[May 7, 2013, 8:27 am UTC +0000]saving json to box.json
[May 7, 2013, 9:26 am UTC +0000]saving json to box.json
[May 7, 2013, 3:40 pm UTC +0000]saving json to box.json
[May 7, 2013, 3:47 pm UTC +0000]saving json to box.json
[May 7, 2013, 3:48 pm UTC +0000]saving json to box.json
[May 7, 2013, 3:51 pm UTC +0000]saving json to box.json
[May 7, 2013, 3:52 pm UTC +0000]saving json to box.json
[May 7, 2013, 3:52 pm UTC +0000]saving json to box.json
[May 7, 2013, 3:53 pm UTC +0000]saving json to box.json
[May 7, 2013, 3:55 pm UTC +0000]saving json to box.json
[May 7, 2013, 3:57 pm UTC +0000]saving json to box.json
[May 7, 2013, 3:58 pm UTC +0000]saving json to box.json
[May 7, 2013, 3:58 pm UTC +0000]saving json to box.json
[May 7, 2013, 4:01 pm UTC +0000]saving json to box.json
[May 7, 2013, 4:04 pm UTC +0000]saving json to box.json
[May 7, 2013, 4:06 pm UTC +0000]saving json to box.json
[May 7, 2013, 4:07 pm UTC +0000]saving json to box.json
[May 7, 2013, 4:09 pm UTC +0000]saving json to box.json
[May 7, 2013, 4:10 pm UTC +0000]saving json to box.json
[May 7, 2013, 4:10 pm UTC +0000]saving json to box.json
[May 7, 2013, 4:15 pm UTC +0000]saving json to box.json
[May 7, 2013, 4:16 pm UTC +0000]saving json to box.json
[May 7, 2013, 4:16 pm UTC +0000]saving json to box.json
[May 7, 2013, 4:18 pm UTC +0000]saving json to box.json
[May 7, 2013, 4:20 pm UTC +0000]reseting box.json
[May 7, 2013, 4:22 pm UTC +0000]saving json to box.json
[May 7, 2013, 4:23 pm UTC +0000]saving json to box.json
[May 7, 2013, 4:24 pm UTC +0000]saving json to box.json
[May 7, 2013, 4:25 pm UTC +0000]saving json to box.json
[May 7, 2013, 4:27 pm UTC +0000]saving json to box.json
[May 7, 2013, 4:28 pm UTC +0000]saving json to box.json
[May 7, 2013, 4:28 pm UTC +0000]saving json to box.json
[May 7, 2013, 4:32 pm UTC +0000]saving json to box.json
[May 7, 2013, 4:32 pm UTC +0000]saving json to box.json
[May 7, 2013, 4:34 pm UTC +0000]saving json to box.json
[May 7, 2013, 4:35 pm UTC +0000]saving json to box.json
[May 7, 2013, 4:35 pm UTC +0000]saving json to box.json
[May 7, 2013, 4:35 pm UTC +0000]saving json to box.json
[May 7, 2013, 4:38 pm UTC +0000]saving json to box.json
[May 7, 2013, 4:38 pm UTC +0000]saving json to box.json
[May 7, 2013, 4:41 pm UTC +0000]saving json to box.json
[May 7, 2013, 4:44 pm UTC +0000]saving json to box.json
[May 7, 2013, 4:46 pm UTC +0000]saving json to box.json
[May 7, 2013, 4:46 pm UTC +0000]saving json to box.json
[May 7, 2013, 4:47 pm UTC +0000]saving json to box.json
[May 7, 2013, 4:54 pm UTC +0000]saving json to box.json
[May 7, 2013, 4:56 pm UTC +0000]saving json to box.json
[May 7, 2013, 4:58 pm UTC +0000]saving json to box.json
[May 7, 2013, 5:00 pm UTC +0000]saving json to box.json
[May 7, 2013, 5:01 pm UTC +0000]reseting box.json
[May 7, 2013, 5:03 pm UTC +0000]saving json to box.json
[May 7, 2013, 5:03 pm UTC +0000]saving json to box.json
[May 7, 2013, 5:05 pm UTC +0000]saving json to box.json
[May 7, 2013, 5:05 pm UTC +0000]saving json to box.json
[May 7, 2013, 5:13 pm UTC +0000]saving json to box.json
[May 7, 2013, 5:14 pm UTC +0000]saving json to box.json
[May 7, 2013, 5:15 pm UTC +0000]saving json to box.json
[May 7, 2013, 5:21 pm UTC +0000]saving json to box.json
[May 7, 2013, 5:23 pm UTC +0000]saving json to box.json
[May 7, 2013, 5:31 pm UTC +0000]saving json to box.json
[May 7, 2013, 5:31 pm UTC +0000]saving json to box.json
[May 7, 2013, 5:38 pm UTC +0000]saving json to box.json
[May 7, 2013, 5:49 pm UTC +0000]saving json to box.json
[May 7, 2013, 5:50 pm UTC +0000]saving json to box.json
[May 7, 2013, 5:55 pm UTC +0000]saving json to box.json
[May 7, 2013, 6:03 pm UTC +0000]saving json to box.json
[May 7, 2013, 6:04 pm UTC +0000]saving json to box.json
[May 7, 2013, 6:05 pm UTC +0000]saving json to box.json
[May 7, 2013, 6:07 pm UTC +0000]saving json to box.json
[May 7, 2013, 6:08 pm UTC +0000]saving json to box.json
[May 7, 2013, 6:08 pm UTC +0000]saving json to box.json
[May 7, 2013, 6:10 pm UTC +0000]saving json to box.json
[May 7, 2013, 6:17 pm UTC +0000]saving json to box.json
[May 7, 2013, 6:24 pm UTC +0000]saving json to box.json
[May 7, 2013, 6:30 pm UTC +0000]reseting box.json
[May 7, 2013, 6:30 pm UTC +0000]saving json to box.json
[May 7, 2013, 6:33 pm UTC +0000]saving json to box.json
[May 7, 2013, 6:34 pm UTC +0000]saving json to box.json
[May 7, 2013, 6:35 pm UTC +0000]saving json to box.json
[May 7, 2013, 6:37 pm UTC +0000]saving json to box.json
[May 7, 2013, 6:38 pm UTC +0000]saving json to box.json
[May 7, 2013, 6:44 pm UTC +0000]saving json to box.json
[May 7, 2013, 6:47 pm UTC +0000]saving json to box.json
[May 7, 2013, 6:50 pm UTC +0000]saving json to box.json
[May 7, 2013, 6:51 pm UTC +0000]saving json to box.json
[May 7, 2013, 6:52 pm UTC +0000]saving json to box.json
[May 7, 2013, 6:55 pm UTC +0000]saving json to box.json
[May 7, 2013, 6:57 pm UTC +0000]saving json to box.json
[May 7, 2013, 6:58 pm UTC +0000]saving json to box.json
[May 7, 2013, 7:00 pm UTC +0000]saving json to box.json
[May 7, 2013, 7:04 pm UTC +0000]saving json to box.json
[May 7, 2013, 7:06 pm UTC +0000]saving json to box.json
[May 7, 2013, 7:09 pm UTC +0000]saving json to box.json
[May 7, 2013, 7:18 pm UTC +0000]saving json to box.json
[May 7, 2013, 7:19 pm UTC +0000]saving json to box.json
[May 7, 2013, 7:22 pm UTC +0000]saving json to box.json
[May 7, 2013, 7:24 pm UTC +0000]saving json to box.json
[May 7, 2013, 7:28 pm UTC +0000]saving json to box.json
[May 7, 2013, 7:28 pm UTC +0000]reseting box.json
[May 7, 2013, 7:30 pm UTC +0000]saving json to box.json
[May 7, 2013, 7:31 pm UTC +0000]saving json to box.json
[May 7, 2013, 7:31 pm UTC +0000]saving json to box.json
[May 7, 2013, 7:32 pm UTC +0000]saving json to box.json
[May 7, 2013, 7:36 pm UTC +0000]saving json to box.json
[May 7, 2013, 7:38 pm UTC +0000]saving json to box.json
[May 7, 2013, 7:46 pm UTC +0000]saving json to box.json
[May 7, 2013, 7:48 pm UTC +0000]saving json to box.json
[May 7, 2013, 7:52 pm UTC +0000]saving json to box.json
[May 7, 2013, 7:57 pm UTC +0000]saving json to box.json
[May 7, 2013, 7:58 pm UTC +0000]saving json to box.json
[May 7, 2013, 7:58 pm UTC +0000]saving json to box.json
[May 7, 2013, 8:00 pm UTC +0000]saving json to box.json
[May 7, 2013, 8:01 pm UTC +0000]saving json to box.json
[May 7, 2013, 8:02 pm UTC +0000]saving json to box.json
[May 7, 2013, 8:03 pm UTC +0000]saving json to box.json
[May 7, 2013, 8:06 pm UTC +0000]saving json to box.json
[May 7, 2013, 8:08 pm UTC +0000]saving json to box.json
[May 7, 2013, 8:09 pm UTC +0000]saving json to box.json
[May 7, 2013, 8:14 pm UTC +0000]saving json to box.json
[May 7, 2013, 8:15 pm UTC +0000]saving json to box.json
[May 7, 2013, 8:16 pm UTC +0000]saving json to box.json
[May 7, 2013, 8:17 pm UTC +0000]saving json to box.json
[May 7, 2013, 8:26 pm UTC +0000]saving json to box.json
[May 7, 2013, 8:26 pm UTC +0000]saving json to box.json
[May 7, 2013, 8:27 pm UTC +0000]saving json to box.json
[May 7, 2013, 8:31 pm UTC +0000]saving json to box.json
[May 7, 2013, 8:38 pm UTC +0000]saving json to box.json
[May 7, 2013, 8:39 pm UTC +0000]saving json to box.json
[May 7, 2013, 8:44 pm UTC +0000]saving json to box.json
[May 7, 2013, 8:44 pm UTC +0000]saving json to box.json
[May 7, 2013, 8:45 pm UTC +0000]saving json to box.json
[May 7, 2013, 8:46 pm UTC +0000]saving json to box.json
[May 7, 2013, 8:47 pm UTC +0000]saving json to box.json
[May 7, 2013, 8:49 pm UTC +0000]saving json to box.json
[May 7, 2013, 8:49 pm UTC +0000]saving json to box.json
[May 7, 2013, 8:57 pm UTC +0000]saving json to box.json
[May 7, 2013, 9:04 pm UTC +0000]saving json to box.json
[May 7, 2013, 9:06 pm UTC +0000]saving json to box.json
[May 7, 2013, 9:12 pm UTC +0000]reseting box.json
[May 7, 2013, 9:17 pm UTC +0000]saving json to box.json
[May 7, 2013, 9:20 pm UTC +0000]saving json to box.json
[May 7, 2013, 9:21 pm UTC +0000]saving json to box.json
[May 7, 2013, 9:22 pm UTC +0000]saving json to box.json
[May 7, 2013, 9:25 pm UTC +0000]saving json to box.json
[May 7, 2013, 9:27 pm UTC +0000]saving json to box.json
[May 7, 2013, 9:28 pm UTC +0000]saving json to box.json
[May 7, 2013, 9:32 pm UTC +0000]saving json to box.json
[May 7, 2013, 9:38 pm UTC +0000]saving json to box.json
[May 7, 2013, 9:40 pm UTC +0000]saving json to box.json
[May 7, 2013, 9:41 pm UTC +0000]saving json to box.json
[May 7, 2013, 9:41 pm UTC +0000]saving json to box.json
[May 7, 2013, 9:42 pm UTC +0000]saving json to box.json
[May 7, 2013, 9:44 pm UTC +0000]saving json to box.json
[May 7, 2013, 9:47 pm UTC +0000]saving json to box.json
[May 7, 2013, 9:48 pm UTC +0000]saving json to box.json
[May 7, 2013, 9:57 pm UTC +0000]saving json to box.json
[May 7, 2013, 10:05 pm UTC +0000]saving json to box.json
[May 7, 2013, 10:26 pm UTC +0000]saving json to box.json
[May 7, 2013, 10:29 pm UTC +0000]saving json to box.json
[May 7, 2013, 10:39 pm UTC +0000]saving json to box.json
[May 7, 2013, 10:40 pm UTC +0000]saving json to box.json
[May 7, 2013, 10:41 pm UTC +0000]saving json to box.json
[May 7, 2013, 11:00 pm UTC +0000]saving json to box.json
[May 8, 2013, 1:08 am UTC +0000]saving json to box.json
[May 8, 2013, 2:05 am UTC +0000]saving json to box.json
[May 8, 2013, 2:16 am UTC +0000]saving json to box.json
[May 8, 2013, 2:16 am UTC +0000]saving json to box.json
[May 8, 2013, 2:17 am UTC +0000]saving json to box.json
[May 8, 2013, 2:17 am UTC +0000]saving json to box.json
[May 8, 2013, 2:17 am UTC +0000]saving json to box.json
[May 8, 2013, 2:18 am UTC +0000]saving json to box.json
[May 8, 2013, 2:19 am UTC +0000]saving json to box.json
[May 8, 2013, 2:20 am UTC +0000]saving json to box.json
[May 8, 2013, 2:21 am UTC +0000]saving json to box.json
[May 8, 2013, 2:21 am UTC +0000]saving json to box.json
[May 8, 2013, 2:24 am UTC +0000]reseting box.json
[May 8, 2013, 2:24 am UTC +0000]saving json to box.json
[May 8, 2013, 2:32 am UTC +0000]saving json to box.json
[May 8, 2013, 2:33 am UTC +0000]saving json to box.json
[May 8, 2013, 2:44 am UTC +0000]saving json to box.json
[May 8, 2013, 2:50 am UTC +0000]saving json to box.json
[May 8, 2013, 2:59 am UTC +0000]saving json to box.json
[May 8, 2013, 3:08 am UTC +0000]saving json to box.json
[May 8, 2013, 3:25 am UTC +0000]saving json to box.json
[May 8, 2013, 3:39 am UTC +0000]saving json to box.json
[May 8, 2013, 3:39 am UTC +0000]saving json to box.json
[May 8, 2013, 4:23 am UTC +0000]saving json to box.json
[May 8, 2013, 4:46 am UTC +0000]saving json to box.json
[May 8, 2013, 4:48 am UTC +0000]saving json to box.json
[May 8, 2013, 5:42 am UTC +0000]saving json to box.json
[May 8, 2013, 7:10 am UTC +0000]saving json to box.json
[May 8, 2013, 7:23 am UTC +0000]saving json to box.json
[May 8, 2013, 7:34 am UTC +0000]saving json to box.json
[May 8, 2013, 7:42 am UTC +0000]saving json to box.json
[May 8, 2013, 8:16 am UTC +0000]saving json to box.json
[May 8, 2013, 8:19 am UTC +0000]saving json to box.json
[May 8, 2013, 8:29 am UTC +0000]saving json to box.json
[May 8, 2013, 8:40 am UTC +0000]saving json to box.json
[May 8, 2013, 8:57 am UTC +0000]saving json to box.json
[May 8, 2013, 9:59 am UTC +0000]saving json to box.json
[May 8, 2013, 10:37 am UTC +0000]saving json to box.json
[May 8, 2013, 10:38 am UTC +0000]saving json to box.json
[May 8, 2013, 11:07 am UTC +0000]saving json to box.json
[May 8, 2013, 11:14 am UTC +0000]saving json to box.json
[May 8, 2013, 11:25 am UTC +0000]saving json to box.json
[May 8, 2013, 11:27 am UTC +0000]saving json to box.json
[May 8, 2013, 11:39 am UTC +0000]saving json to box.json
[May 8, 2013, 11:59 am UTC +0000]saving json to box.json
[May 8, 2013, 12:47 pm UTC +0000]saving json to box.json
[May 8, 2013, 12:52 pm UTC +0000]saving json to box.json
[May 8, 2013, 1:58 pm UTC +0000]saving json to box.json
[May 8, 2013, 2:01 pm UTC +0000]reseting box.json
[May 8, 2013, 3:53 pm UTC +0000]saving json to box.json
[May 8, 2013, 3:57 pm UTC +0000]saving json to box.json
[May 8, 2013, 4:27 pm UTC +0000]saving json to box.json
[May 8, 2013, 4:33 pm UTC +0000]saving json to box.json
[May 8, 2013, 4:37 pm UTC +0000]saving json to box.json
[May 8, 2013, 6:15 pm UTC +0000]saving json to box.json
[May 8, 2013, 7:03 pm UTC +0000]saving json to box.json
[May 8, 2013, 8:20 pm UTC +0000]saving json to box.json
[May 8, 2013, 8:42 pm UTC +0000]saving json to box.json
[May 8, 2013, 8:55 pm UTC +0000]saving json to box.json
[May 8, 2013, 9:05 pm UTC +0000]saving json to box.json
[May 8, 2013, 11:26 pm UTC +0000]saving json to box.json
[May 8, 2013, 11:29 pm UTC +0000]saving json to box.json
[May 9, 2013, 12:05 am UTC +0000]saving json to box.json
[May 9, 2013, 12:51 am UTC +0000]saving json to box.json
[May 9, 2013, 4:18 am UTC +0000]saving json to box.json
[May 9, 2013, 6:33 am UTC +0000]saving json to box.json
[May 9, 2013, 9:02 am UTC +0000]saving json to box.json
[May 9, 2013, 11:02 am UTC +0000]saving json to box.json
[May 9, 2013, 11:09 am UTC +0000]saving json to box.json
[May 9, 2013, 11:18 am UTC +0000]saving json to box.json
[May 9, 2013, 12:39 pm UTC +0000]saving json to box.json
[May 9, 2013, 1:02 pm UTC +0000]saving json to box.json
[May 9, 2013, 1:12 pm UTC +0000]saving json to box.json
[May 9, 2013, 2:16 pm UTC +0000]saving json to box.json
[May 9, 2013, 2:57 pm UTC +0000]saving json to box.json
[May 9, 2013, 5:24 pm UTC +0000]saving json to box.json
[May 9, 2013, 5:36 pm UTC +0000]saving json to box.json
[May 9, 2013, 5:40 pm UTC +0000]saving json to box.json
[May 9, 2013, 6:04 pm UTC +0000]saving json to box.json
[May 9, 2013, 6:16 pm UTC +0000]saving json to box.json
[May 9, 2013, 7:38 pm UTC +0000]saving json to box.json
[May 9, 2013, 7:41 pm UTC +0000]saving json to box.json
[May 9, 2013, 7:58 pm UTC +0000]reseting box.json
[May 9, 2013, 8:08 pm UTC +0000]saving json to box.json
[May 9, 2013, 8:40 pm UTC +0000]saving json to box.json
[May 9, 2013, 8:54 pm UTC +0000]saving json to box.json
[May 9, 2013, 9:02 pm UTC +0000]saving json to box.json
[May 9, 2013, 10:11 pm UTC +0000]saving json to box.json
[May 9, 2013, 10:15 pm UTC +0000]saving json to box.json
[May 9, 2013, 10:19 pm UTC +0000]saving json to box.json
[May 9, 2013, 10:21 pm UTC +0000]saving json to box.json
[May 9, 2013, 10:28 pm UTC +0000]saving json to box.json
[May 9, 2013, 10:32 pm UTC +0000]saving json to box.json
[May 9, 2013, 11:24 pm UTC +0000]saving json to box.json
[May 9, 2013, 11:34 pm UTC +0000]saving json to box.json
[May 10, 2013, 12:22 am UTC +0000]saving json to box.json
[May 10, 2013, 2:14 am UTC +0000]saving json to box.json
[May 10, 2013, 7:17 am UTC +0000]saving json to box.json
[May 10, 2013, 7:26 am UTC +0000]saving json to box.json
[May 10, 2013, 11:31 am UTC +0000]saving json to box.json
[May 10, 2013, 2:08 pm UTC +0000]saving json to box.json
[May 10, 2013, 2:32 pm UTC +0000]saving json to box.json
[May 10, 2013, 4:02 pm UTC +0000]saving json to box.json
[May 10, 2013, 5:55 pm UTC +0000]saving json to box.json
[May 10, 2013, 5:56 pm UTC +0000]saving json to box.json
[May 10, 2013, 6:09 pm UTC +0000]saving json to box.json
[May 10, 2013, 6:15 pm UTC +0000]saving json to box.json
[May 10, 2013, 11:45 pm UTC +0000]saving json to box.json
[May 11, 2013, 12:16 am UTC +0000]saving json to box.json
[May 11, 2013, 5:51 am UTC +0000]saving json to box.json
[May 11, 2013, 2:01 pm UTC +0000]saving json to box.json
[May 11, 2013, 2:05 pm UTC +0000]saving json to box.json
[May 11, 2013, 3:40 pm UTC +0000]saving json to box.json
[May 11, 2013, 3:44 pm UTC +0000]saving json to box.json
[May 11, 2013, 4:01 pm UTC +0000]saving json to box.json
[May 11, 2013, 4:08 pm UTC +0000]saving json to box.json
[May 11, 2013, 4:29 pm UTC +0000]saving json to box.json
[May 11, 2013, 8:51 pm UTC +0000]reseting box.json
[May 11, 2013, 8:56 pm UTC +0000]saving json to box.json
[May 11, 2013, 9:32 pm UTC +0000]saving json to box.json
[May 12, 2013, 5:05 pm UTC +0000]saving json to box.json
[May 12, 2013, 5:07 pm UTC +0000]saving json to box.json
[May 12, 2013, 5:13 pm UTC +0000]saving json to box.json
[May 12, 2013, 6:29 pm UTC +0000]saving json to box.json
[May 12, 2013, 6:36 pm UTC +0000]saving json to box.json
[May 12, 2013, 6:36 pm UTC +0000]saving json to box.json
[May 12, 2013, 6:37 pm UTC +0000]saving json to box.json
[May 12, 2013, 7:44 pm UTC +0000]saving json to box.json
[May 12, 2013, 8:01 pm UTC +0000]saving json to box.json
[May 12, 2013, 8:07 pm UTC +0000]saving json to box.json
[May 12, 2013, 8:22 pm UTC +0000]saving json to box.json
[May 12, 2013, 9:08 pm UTC +0000]saving json to box.json
[May 12, 2013, 10:07 pm UTC +0000]saving json to box.json
[May 12, 2013, 10:54 pm UTC +0000]saving json to box.json
[May 13, 2013, 11:20 am UTC +0000]saving json to box.json
[May 13, 2013, 9:29 pm UTC +0000]saving json to box.json
[May 13, 2013, 9:32 pm UTC +0000]saving json to box.json
[May 13, 2013, 9:45 pm UTC +0000]saving json to box.json
[May 13, 2013, 9:52 pm UTC +0000]saving json to box.json
[May 13, 2013, 9:52 pm UTC +0000]saving json to box.json
[May 14, 2013, 6:21 pm UTC +0000]saving json to box.json
[May 14, 2013, 8:07 pm UTC +0000]saving json to box.json
[May 15, 2013, 11:46 am UTC +0000]saving json to box.json
[May 16, 2013, 7:05 pm UTC +0000]saving json to box.json
[May 17, 2013, 9:32 am UTC +0000]saving json to box.json
[May 17, 2013, 2:07 pm UTC +0000]saving json to box.json
[May 17, 2013, 2:16 pm UTC +0000]saving json to box.json
[May 17, 2013, 4:36 pm UTC +0000]saving json to box.json
[May 18, 2013, 4:54 pm UTC +0000]saving json to box.json
[May 18, 2013, 6:35 pm UTC +0000]saving json to box.json
[May 19, 2013, 5:20 pm UTC +0000]reseting box.json
[May 20, 2013, 3:43 pm UTC +0000]saving json to box.json
[May 20, 2013, 3:55 pm UTC +0000]saving json to box.json
[May 20, 2013, 4:24 pm UTC +0000]saving json to box.json
[May 20, 2013, 4:32 pm UTC +0000]saving json to box.json
[May 20, 2013, 5:38 pm UTC +0000]saving json to box.json
[May 21, 2013, 10:50 am UTC +0000]saving json to box.json
[May 21, 2013, 2:49 pm UTC +0000]saving json to box.json
[May 21, 2013, 4:02 pm UTC +0000]saving json to box.json
[May 23, 2013, 10:30 am UTC +0000]saving json to box.json
[May 23, 2013, 8:04 pm UTC +0000]saving json to box.json
[May 25, 2013, 5:05 pm UTC +0000]saving json to box.json
[May 25, 2013, 5:07 pm UTC +0000]saving json to box.json
[May 26, 2013, 2:04 pm UTC +0000]saving json to box.json
[May 26, 2013, 2:13 pm UTC +0000]saving json to box.json
[May 29, 2013, 2:18 pm UTC +0000]saving json to box.json
[May 30, 2013, 3:48 pm UTC +0000]saving json to box.json
[June 1, 2013, 6:29 pm UTC +0000]saving json to box.json
[June 2, 2013, 8:23 pm UTC +0000]saving json to box.json
[June 3, 2013, 9:21 pm UTC +0000]saving json to box.json
[June 9, 2013, 9:22 pm UTC +0000]saving json to box.json
[June 14, 2013, 4:05 pm UTC +0000]saving json to box.json
[June 15, 2013, 1:16 am UTC +0000]saving json to box.json
[June 19, 2013, 11:29 am UTC +0000]saving json to box.json
[June 20, 2013, 9:01 am UTC +0000]saving json to box.json
[June 22, 2013, 8:16 am UTC +0000]reseting box.json
[June 30, 2013, 10:37 am UTC +0000]saving json to box.json
[July 3, 2013, 9:18 am UTC +0000]saving json to box.json
[July 5, 2013, 6:04 am UTC +0000]saving json to box.json
[July 5, 2013, 2:54 pm UTC +0000]saving json to box.json
[July 5, 2013, 4:29 pm UTC +0000]saving json to box.json
[July 5, 2013, 8:42 pm UTC +0000]saving json to box.json
[July 6, 2013, 4:59 pm UTC +0000]saving json to box.json
[July 18, 2013, 4:07 pm UTC +0000]saving json to box.json
[July 18, 2013, 4:16 pm UTC +0000]saving json to box.json
[July 18, 2013, 4:25 pm UTC +0000]saving json to box.json
[July 18, 2013, 4:26 pm UTC +0000]saving json to box.json
[July 18, 2013, 4:33 pm UTC +0000]saving json to box.json
[July 18, 2013, 4:53 pm UTC +0000]saving json to box.json
[July 18, 2013, 4:54 pm UTC +0000]saving json to box.json
[July 18, 2013, 5:59 pm UTC +0000]saving json to box.json
[July 18, 2013, 6:08 pm UTC +0000]saving json to box.json
[July 18, 2013, 6:32 pm UTC +0000]saving json to box.json
[July 18, 2013, 7:23 pm UTC +0000]saving json to box.json
[July 18, 2013, 7:23 pm UTC +0000]saving json to box.json
[July 18, 2013, 7:48 pm UTC +0000]saving json to box.json
[July 18, 2013, 7:50 pm UTC +0000]saving json to box.json
[July 18, 2013, 7:52 pm UTC +0000]reseting box.json
[July 18, 2013, 8:06 pm UTC +0000]saving json to box.json
[July 18, 2013, 8:09 pm UTC +0000]saving json to box.json
[July 18, 2013, 8:20 pm UTC +0000]saving json to box.json
[July 18, 2013, 8:23 pm UTC +0000]saving json to box.json
[July 18, 2013, 8:48 pm UTC +0000]saving json to box.json
[July 18, 2013, 9:11 pm UTC +0000]saving json to box.json
[July 18, 2013, 9:18 pm UTC +0000]saving json to box.json
[July 18, 2013, 10:11 pm UTC +0000]saving json to box.json
[July 18, 2013, 10:13 pm UTC +0000]saving json to box.json
[July 18, 2013, 10:17 pm UTC +0000]saving json to box.json
[July 18, 2013, 10:17 pm UTC +0000]saving json to box.json
[July 18, 2013, 10:25 pm UTC +0000]saving json to box.json
[July 18, 2013, 11:21 pm UTC +0000]saving json to box.json
[July 19, 2013, 12:16 am UTC +0000]saving json to box.json
[July 19, 2013, 3:54 am UTC +0000]saving json to box.json
[July 19, 2013, 4:19 am UTC +0000]saving json to box.json
[July 19, 2013, 4:31 am UTC +0000]saving json to box.json
[July 19, 2013, 4:34 am UTC +0000]saving json to box.json
[July 19, 2013, 4:46 am UTC +0000]saving json to box.json
[July 19, 2013, 6:00 am UTC +0000]saving json to box.json
[July 19, 2013, 6:02 am UTC +0000]saving json to box.json
[July 19, 2013, 7:40 am UTC +0000]saving json to box.json
[July 19, 2013, 8:24 am UTC +0000]reseting box.json
[July 19, 2013, 8:25 am UTC +0000]saving json to box.json
[July 19, 2013, 8:25 am UTC +0000]saving json to box.json
[July 19, 2013, 8:33 am UTC +0000]saving json to box.json
[July 19, 2013, 8:35 am UTC +0000]saving json to box.json
[July 19, 2013, 9:10 am UTC +0000]saving json to box.json
[July 19, 2013, 9:12 am UTC +0000]saving json to box.json
[July 19, 2013, 9:18 am UTC +0000]saving json to box.json
[July 19, 2013, 9:36 am UTC +0000]saving json to box.json
[July 19, 2013, 10:20 am UTC +0000]saving json to box.json
[July 19, 2013, 11:08 am UTC +0000]saving json to box.json
[July 19, 2013, 11:16 am UTC +0000]saving json to box.json
[July 19, 2013, 1:31 pm UTC +0000]saving json to box.json
[July 19, 2013, 2:01 pm UTC +0000]saving json to box.json
[July 19, 2013, 4:58 pm UTC +0000]saving json to box.json
[July 19, 2013, 6:36 pm UTC +0000]saving json to box.json
[July 20, 2013, 7:55 am UTC +0000]saving json to box.json
[July 20, 2013, 7:55 am UTC +0000]saving json to box.json
[July 20, 2013, 8:39 am UTC +0000]saving json to box.json
[July 20, 2013, 9:38 am UTC +0000]saving json to box.json
[July 20, 2013, 11:22 am UTC +0000]saving json to box.json
[July 21, 2013, 7:42 pm UTC +0000]saving json to box.json
[July 22, 2013, 8:03 am UTC +0000]saving json to box.json
[July 22, 2013, 11:02 am UTC +0000]saving json to box.json
[July 22, 2013, 11:06 am UTC +0000]reseting box.json
[July 23, 2013, 8:01 pm UTC +0000]saving json to box.json
[July 24, 2013, 6:22 am UTC +0000]saving json to box.json
[July 26, 2013, 10:45 am UTC +0000]saving json to box.json
[July 27, 2013, 12:18 pm UTC +0000]saving json to box.json
[August 1, 2013, 9:04 pm UTC +0000]saving json to box.json
[August 1, 2013, 9:15 pm UTC +0000]saving json to box.json
[August 1, 2013, 9:19 pm UTC +0000]saving json to box.json
[August 4, 2013, 1:42 pm UTC +0000]saving json to box.json
[August 13, 2013, 2:34 am UTC +0000]saving json to box.json
[August 15, 2013, 2:16 pm UTC +0000]saving json to box.json
[August 15, 2013, 10:13 pm UTC +0000]saving json to box.json
[August 16, 2013, 10:35 am UTC +0000]saving json to box.json
[August 21, 2013, 5:26 am UTC +0000]saving json to box.json
[August 21, 2013, 5:26 am UTC +0000]saving json to box.json
[August 21, 2013, 2:29 pm UTC +0000]saving json to box.json
[August 26, 2013, 3:25 pm UTC +0000]saving json to box.json
[August 29, 2013, 7:49 pm UTC +0000]saving json to box.json
[September 6, 2013, 2:35 pm UTC +0000]saving json to box.json
[September 10, 2013, 2:22 pm UTC +0000]saving json to box.json
[September 14, 2013, 1:52 pm UTC +0000]saving json to box.json
[September 14, 2013, 2:30 pm UTC +0000]saving json to box.json
[September 16, 2013, 3:21 pm UTC +0000]saving json to box.json
[September 17, 2013, 8:23 pm UTC +0000]saving json to box.json
[September 17, 2013, 8:43 pm UTC +0000]saving json to box.json
[September 30, 2013, 2:46 pm UTC +0000]saving json to box.json
[October 2, 2013, 3:32 pm UTC +0000]saving json to box.json
[October 3, 2013, 9:03 pm UTC +0000]saving json to box.json
[October 21, 2013, 9:44 pm UTC +0000]saving json to box.json
[October 22, 2013, 7:37 am UTC +0000]saving json to box.json
[October 25, 2013, 3:24 am UTC +0000]saving json to box.json
[November 8, 2013, 9:41 pm UTC +0000]saving json to box.json
[November 8, 2013, 9:44 pm UTC +0000]saving json to box.json
[November 11, 2013, 7:05 am UTC +0000]saving json to box.json
[November 27, 2013, 7:03 pm UTC +0000]saving json to box.json
[December 8, 2013, 10:59 pm UTC +0000]saving json to box.json
[December 12, 2013, 3:33 pm UTC +0000]saving json to box.json
[December 12, 2013, 6:41 pm UTC +0000]saving json to box.json
[December 13, 2013, 4:51 pm UTC +0000]saving json to box.json
[December 13, 2013, 4:54 pm UTC +0000]reseting box.json
[December 13, 2013, 4:55 pm UTC +0000]saving json to box.json
[December 13, 2013, 5:25 pm UTC +0000]saving json to box.json
[December 15, 2013, 6:02 am UTC +0000]saving json to box.json
[January 3, 2014, 10:55 pm UTC +0000]saving json to box.json
[January 13, 2014, 1:09 pm UTC +0000]saving json to box.json
[January 18, 2014, 6:43 pm UTC +0000]saving json to box.json
[January 22, 2014, 11:39 am UTC +0000]saving json to box.json
[January 23, 2014, 7:09 pm UTC +0000]saving json to box.json
[January 24, 2014, 4:26 am UTC +0000]saving json to box.json
[January 27, 2014, 5:55 am UTC +0000]saving json to box.json
[January 27, 2014, 6:00 am UTC +0000]saving json to box.json
[January 27, 2014, 6:29 am UTC +0000]saving json to box.json
[January 27, 2014, 5:08 pm UTC +0000]saving json to box.json
[January 28, 2014, 1:12 pm UTC +0000]saving json to box.json
[January 28, 2014, 1:13 pm UTC +0000]saving json to box.json
[February 4, 2014, 3:38 pm UTC +0000]saving json to box.json
[February 4, 2014, 6:10 pm UTC +0000]saving json to box.json
[February 5, 2014, 7:24 pm UTC +0000]saving json to box.json
[February 6, 2014, 12:46 pm UTC +0000]saving json to box.json
[February 24, 2014, 7:05 am UTC +0000]saving json to box.json
[February 24, 2014, 9:19 pm UTC +0000]saving json to box.json
[March 4, 2014, 9:10 am UTC +0000]saving json to box.json
[March 7, 2014, 5:30 pm UTC +0000]saving json to box.json
[March 13, 2014, 10:06 am UTC +0000]saving json to box.json
